

> ai-learn-frontend@0.1.0 build
> next build

[1G[0K [33m[1m⚠[22m[39m Warning: Next.js inferred your workspace root, but it may not be correct.
 We detected multiple lockfiles and selected the directory of /Users/adipr/package-lock.json as the root directory.
 To silence this warning, set `outputFileTracingRoot` in your Next.js config, or consider removing one of the lockfiles if it's not needed.
   See https://nextjs.org/docs/app/api-reference/config/next-config-js/output#caveats for more information.
 Detected additional lockfiles: 
   * /Users/adipr/Desktop/ai-learn/frontend/package-lock.json
   * /Users/adipr/Desktop/ai-learn/package-lock.json

   [1m[38;2;173;127;168m▲ Next.js 15.5.3[39m[22m
   - Environments: .env.local
   - Experiments (use with caution):
     · serverActions

 [37m[1m [22m[39m Creating an optimized production build ...
<w> [webpack.cache.PackFileCacheStrategy] Serializing big strings (175kiB) impacts deserialization performance (consider using Buffer instead and decode when needed)
 [32m[1m✓[22m[39m Compiled successfully in 4.0s
[?25l [37m[1m [22m[39m Linting and checking validity of types  [36m.[39m[2K[1G [37m[1m [22m[39m Linting and checking validity of types  [36m..[39m[2K[1G [37m[1m [22m[39m Linting and checking validity of types  [36m...[39m[2K[1G [37m[1m [22m[39m Linting and checking validity of types  [36m.[39m[2K[1G [37m[1m [22m[39m Linting and checking validity of types  [36m..[39m[2K[1G[?25h [37m[1m [22m[39m Linting and checking validity of types     [32m[1m✓[22m[39m Linting and checking validity of types 
[?25l [37m[1m [22m[39m Collecting page data  [36m.[39m[2K[1G [37m[1m [22m[39m Collecting page data  [36m..[39m[2K[1G [37m[1m [22m[39m Collecting page data  [36m...[39m[2K[1G[?25h [37m[1m [22m[39m Collecting page data     [32m[1m✓[22m[39m Collecting page data 
[?25l [37m[1m [22m[39m Generating static pages (0/26)  [36m[    ][39m[2K[1G [37m[1m [22m[39m Generating static pages (0/26)  [36m[=   ][39m[2K[1G [37m[1m [22m[39m Generating static pages (4/26)  [36m[==  ][39m[2K[1G [37m[1m [22m[39m Generating static pages (22/26)  [36m[=== ][39m[2K[1G[?25h [32m[1m✓[22m[39m Generating static pages (26/26)
[?25l [37m[1m [22m[39m Finalizing page optimization  [36m.[39m[?25l [37m[1m [22m[39m Collecting build traces  [36m.[39m[2K[1G [37m[1m [22m[39m Finalizing page optimization  [36m..[39m[2K[1G [37m[1m [22m[39m Collecting build traces  [36m..[39m[2K[1G [37m[1m [22m[39m Finalizing page optimization  [36m...[39m[2K[1G [37m[1m [22m[39m Collecting build traces  [36m...[39m[2K[1G [37m[1m [22m[39m Finalizing page optimization  [36m.[39m[2K[1G [37m[1m [22m[39m Collecting build traces  [36m.[39m[2K[1G [37m[1m [22m[39m Finalizing page optimization  [36m..[39m[2K[1G [37m[1m [22m[39m Collecting build traces  [36m..[39m[2K[1G [37m[1m [22m[39m Finalizing page optimization  [36m...[39m[2K[1G [37m[1m [22m[39m Collecting build traces  [36m...[39m[2K[1G [37m[1m [22m[39m Finalizing page optimization  [36m.[39m[2K[1G [37m[1m [22m[39m Collecting build traces  [36m.[39m[2K[1G [37m[1m [22m[39m Finalizing page optimization  [36m..[39m[2K[1G [37m[1m [22m[39m Collecting build traces  [36m..[39m[2K[1G [37m[1m [22m[39m Finalizing page optimization  [36m...[39m[2K[1G [37m[1m [22m[39m Collecting build traces  [36m...[39m[2K[1G [37m[1m [22m[39m Finalizing page optimization  [36m.[39m[2K[1G [37m[1m [22m[39m Collecting build traces  [36m.[39m[2K[1G [37m[1m [22m[39m Finalizing page optimization  [36m..[39m[2K[1G [37m[1m [22m[39m Collecting build traces  [36m..[39m[2K[1G [37m[1m [22m[39m Finalizing page optimization  [36m...[39m[2K[1G [37m[1m [22m[39m Collecting build traces  [36m...[39m[2K[1G [37m[1m [22m[39m Finalizing page optimization  [36m.[39m[2K[1G [37m[1m [22m[39m Collecting build traces  [36m.[39m[2K[1G [37m[1m [22m[39m Finalizing page optimization  [36m..[39m[2K[1G [37m[1m [22m[39m Collecting build traces  [36m..[39m[2K[1G [37m[1m [22m[39m Finalizing page optimization  [36m...[39m[2K[1G [37m[1m [22m[39m Collecting build traces  [36m...[39m[2K[1G [37m[1m [22m[39m Finalizing page optimization  [36m.[39m[2K[1G [37m[1m [22m[39m Collecting build traces  [36m.[39m[2K[1G [37m[1m [22m[39m Finalizing page optimization  [36m..[39m[2K[1G [37m[1m [22m[39m Collecting build traces  [36m..[39m[2K[1G [37m[1m [22m[39m Finalizing page optimization  [36m...[39m[2K[1G [37m[1m [22m[39m Collecting build traces  [36m...[39m[2K[1G[?25h [37m[1m [22m[39m Collecting build traces     [32m[1m✓[22m[39m Collecting build traces 
[2K[1G[?25h [37m[1m [22m[39m Finalizing page optimization     [32m[1m✓[22m[39m Finalizing page optimization 

[4mRoute (app)[24m                                              [4mSize[24m  [4mFirst Load JS[24m  [4m[24m  [4m[24m
┌ ○ /                                                 44.1 kB         [37m[1m163 kB[22m[39m
├ ○ /_not-found                                          1 kB         [37m[1m102 kB[22m[39m
├ ○ /about                                              176 B         [37m[1m110 kB[22m[39m
├ ƒ /api/admin/telemetry                                178 B         [37m[1m101 kB[22m[39m
├ ƒ /api/ai/telemetry                                   178 B         [37m[1m101 kB[22m[39m
├ ƒ /api/chapters/[chapterId]/flashcards                178 B         [37m[1m101 kB[22m[39m
├ ƒ /api/chapters/[chapterId]/generate-content          178 B         [37m[1m101 kB[22m[39m
├ ƒ /api/chapters/[chapterId]/quiz                      178 B         [37m[1m101 kB[22m[39m
├ ƒ /api/cleanup-bad-notes                              178 B         [37m[1m101 kB[22m[39m
├ ƒ /api/courses                                        178 B         [37m[1m101 kB[22m[39m
├ ƒ /api/courses/[courseId]                             178 B         [37m[1m101 kB[22m[39m
├ ƒ /api/courses/[courseId]/content                     178 B         [37m[1m101 kB[22m[39m
├ ƒ /api/courses/[courseId]/generate-stream             178 B         [37m[1m101 kB[22m[39m
├ ƒ /api/create-user                                    178 B         [37m[1m101 kB[22m[39m
├ ƒ /api/generate-course-outline                        178 B         [37m[1m101 kB[22m[39m
├ ƒ /api/inngest                                        178 B         [37m[1m101 kB[22m[39m
├ ƒ /api/progress/[courseId]                            178 B         [37m[1m101 kB[22m[39m
├ ƒ /api/progress/chapter/[chapterId]                   178 B         [37m[1m101 kB[22m[39m
├ ƒ /api/progress/stats                                 178 B         [37m[1m101 kB[22m[39m
├ ƒ /api/test-ai                                        178 B         [37m[1m101 kB[22m[39m
├ ƒ /api/user/profile                                   178 B         [37m[1m101 kB[22m[39m
├ ƒ /billing                                          5.17 kB         [37m[1m106 kB[22m[39m
├ ○ /contact                                            177 B         [37m[1m105 kB[22m[39m
├ ○ /create                                           32.6 kB         [37m[1m200 kB[22m[39m
├ ƒ /dashboard                                        9.94 kB         [37m[1m129 kB[22m[39m
├ ƒ /dashboard/course/[courseId]                      4.85 kB         [37m[1m119 kB[22m[39m
├ ƒ /dashboard/course/[courseId]/chapter/[chapterId]  6.42 kB         [37m[1m120 kB[22m[39m
├ ○ /dashboard/profile                                3.65 kB         [37m[1m142 kB[22m[39m
├ ○ /dashboard/upgrade                                  177 B         [37m[1m105 kB[22m[39m
├ ○ /demo                                               176 B         [37m[1m110 kB[22m[39m
├ ○ /docs                                               177 B         [37m[1m105 kB[22m[39m
├ ○ /pricing                                            177 B         [37m[1m105 kB[22m[39m
├ ○ /privacy                                            177 B         [37m[1m105 kB[22m[39m
├ ƒ /sign-in/[[...sign-in]]                           2.07 kB         [37m[1m137 kB[22m[39m
└ ƒ /sign-up/[[...sign-up]]                           2.07 kB         [37m[1m137 kB[22m[39m
+ First Load JS shared by all                          [37m[1m101 kB[22m[39m
  ├ chunks/3131-68e520349d786c39.js                     45 kB
  ├ chunks/c7879cf7-ce6cc72fe8fad416.js               54.2 kB
  └ other shared chunks (total)                       2.01 kB


ƒ Middleware                                          [37m[1m80.3 kB[22m[39m

○  (Static)   prerendered as static content
ƒ  (Dynamic)  server-rendered on demand

[?25h[1G[0K⠙[1G[0K
